<?xml version="1.0" encoding="UTF-8"?>
<testsuite name="com.prime89.book.springboot.web.domain.posts.PostsRepositoryTest" tests="1" skipped="0" failures="0" errors="0" timestamp="2020-09-10T16:54:45" hostname="DESKTOP-GS55E40" time="1.415">
  <properties/>
  <testcase name="게시글저장_불러오기" classname="com.prime89.book.springboot.web.domain.posts.PostsRepositoryTest" time="1.415"/>
  <system-out><![CDATA[01:54:36.514 [Test worker] DEBUG org.springframework.test.context.junit4.SpringJUnit4ClassRunner - SpringJUnit4ClassRunner constructor called with [class com.prime89.book.springboot.web.domain.posts.PostsRepositoryTest]
01:54:36.525 [Test worker] DEBUG org.springframework.test.context.BootstrapUtils - Instantiating CacheAwareContextLoaderDelegate from class [org.springframework.test.context.cache.DefaultCacheAwareContextLoaderDelegate]
01:54:36.538 [Test worker] DEBUG org.springframework.test.context.BootstrapUtils - Instantiating BootstrapContext using constructor [public org.springframework.test.context.support.DefaultBootstrapContext(java.lang.Class,org.springframework.test.context.CacheAwareContextLoaderDelegate)]
01:54:36.561 [Test worker] DEBUG org.springframework.test.context.BootstrapUtils - Instantiating TestContextBootstrapper for test class [com.prime89.book.springboot.web.domain.posts.PostsRepositoryTest] from class [org.springframework.boot.test.context.SpringBootTestContextBootstrapper]
01:54:36.579 [Test worker] INFO org.springframework.boot.test.context.SpringBootTestContextBootstrapper - Neither @ContextConfiguration nor @ContextHierarchy found for test class [com.prime89.book.springboot.web.domain.posts.PostsRepositoryTest], using SpringBootContextLoader
01:54:36.585 [Test worker] DEBUG org.springframework.test.context.support.AbstractContextLoader - Did not detect default resource location for test class [com.prime89.book.springboot.web.domain.posts.PostsRepositoryTest]: class path resource [com/prime89/book/springboot/web/domain/posts/PostsRepositoryTest-context.xml] does not exist
01:54:36.587 [Test worker] DEBUG org.springframework.test.context.support.AbstractContextLoader - Did not detect default resource location for test class [com.prime89.book.springboot.web.domain.posts.PostsRepositoryTest]: class path resource [com/prime89/book/springboot/web/domain/posts/PostsRepositoryTestContext.groovy] does not exist
01:54:36.587 [Test worker] INFO org.springframework.test.context.support.AbstractContextLoader - Could not detect default resource locations for test class [com.prime89.book.springboot.web.domain.posts.PostsRepositoryTest]: no resource found for suffixes {-context.xml, Context.groovy}.
01:54:36.588 [Test worker] INFO org.springframework.test.context.support.AnnotationConfigContextLoaderUtils - Could not detect default configuration classes for test class [com.prime89.book.springboot.web.domain.posts.PostsRepositoryTest]: PostsRepositoryTest does not declare any static, non-private, non-final, nested classes annotated with @Configuration.
01:54:36.676 [Test worker] DEBUG org.springframework.test.context.support.ActiveProfilesUtils - Could not find an 'annotation declaring class' for annotation type [org.springframework.test.context.ActiveProfiles] and class [com.prime89.book.springboot.web.domain.posts.PostsRepositoryTest]
01:54:36.822 [Test worker] DEBUG org.springframework.context.annotation.ClassPathScanningCandidateComponentProvider - Identified candidate component class: file [C:\Users\oja96\springboot-webservice-test\build\classes\java\main\com\prime89\book\springboot\Application.class]
01:54:36.824 [Test worker] INFO org.springframework.boot.test.context.SpringBootTestContextBootstrapper - Found @SpringBootConfiguration com.prime89.book.springboot.Application for test class com.prime89.book.springboot.web.domain.posts.PostsRepositoryTest
01:54:36.970 [Test worker] DEBUG org.springframework.boot.test.context.SpringBootTestContextBootstrapper - @TestExecutionListeners is not present for class [com.prime89.book.springboot.web.domain.posts.PostsRepositoryTest]: using defaults.
01:54:36.972 [Test worker] INFO org.springframework.boot.test.context.SpringBootTestContextBootstrapper - Loaded default TestExecutionListener class names from location [META-INF/spring.factories]: [org.springframework.boot.test.autoconfigure.restdocs.RestDocsTestExecutionListener, org.springframework.boot.test.autoconfigure.web.client.MockRestServiceServerResetTestExecutionListener, org.springframework.boot.test.autoconfigure.web.servlet.MockMvcPrintOnlyOnFailureTestExecutionListener, org.springframework.boot.test.autoconfigure.web.servlet.WebDriverTestExecutionListener, org.springframework.boot.test.mock.mockito.MockitoTestExecutionListener, org.springframework.boot.test.mock.mockito.ResetMocksTestExecutionListener, org.springframework.test.context.web.ServletTestExecutionListener, org.springframework.test.context.support.DirtiesContextBeforeModesTestExecutionListener, org.springframework.test.context.support.DependencyInjectionTestExecutionListener, org.springframework.test.context.support.DirtiesContextTestExecutionListener, org.springframework.test.context.transaction.TransactionalTestExecutionListener, org.springframework.test.context.jdbc.SqlScriptsTestExecutionListener]
01:54:36.998 [Test worker] INFO org.springframework.boot.test.context.SpringBootTestContextBootstrapper - Using TestExecutionListeners: [org.springframework.test.context.web.ServletTestExecutionListener@3dc21323, org.springframework.test.context.support.DirtiesContextBeforeModesTestExecutionListener@15384e02, org.springframework.boot.test.mock.mockito.MockitoTestExecutionListener@68f4fe8a, org.springframework.boot.test.autoconfigure.SpringBootDependencyInjectionTestExecutionListener@78512d23, org.springframework.test.context.support.DirtiesContextTestExecutionListener@55277201, org.springframework.test.context.transaction.TransactionalTestExecutionListener@2b86ef9, org.springframework.test.context.jdbc.SqlScriptsTestExecutionListener@4df7d08a, org.springframework.boot.test.autoconfigure.restdocs.RestDocsTestExecutionListener@3c3ec422, org.springframework.boot.test.autoconfigure.web.client.MockRestServiceServerResetTestExecutionListener@52e70ede, org.springframework.boot.test.autoconfigure.web.servlet.MockMvcPrintOnlyOnFailureTestExecutionListener@13696ddd, org.springframework.boot.test.autoconfigure.web.servlet.WebDriverTestExecutionListener@60699cba, org.springframework.boot.test.mock.mockito.ResetMocksTestExecutionListener@2abc5b41]
01:54:37.004 [Test worker] DEBUG org.springframework.test.annotation.ProfileValueUtils - Retrieved @ProfileValueSourceConfiguration [null] for test class [com.prime89.book.springboot.web.domain.posts.PostsRepositoryTest]
01:54:37.005 [Test worker] DEBUG org.springframework.test.annotation.ProfileValueUtils - Retrieved ProfileValueSource type [class org.springframework.test.annotation.SystemProfileValueSource] for class [com.prime89.book.springboot.web.domain.posts.PostsRepositoryTest]
01:54:37.011 [Test worker] DEBUG org.springframework.test.annotation.ProfileValueUtils - Retrieved @ProfileValueSourceConfiguration [null] for test class [com.prime89.book.springboot.web.domain.posts.PostsRepositoryTest]
01:54:37.011 [Test worker] DEBUG org.springframework.test.annotation.ProfileValueUtils - Retrieved ProfileValueSource type [class org.springframework.test.annotation.SystemProfileValueSource] for class [com.prime89.book.springboot.web.domain.posts.PostsRepositoryTest]
01:54:37.012 [Test worker] DEBUG org.springframework.test.annotation.ProfileValueUtils - Retrieved @ProfileValueSourceConfiguration [null] for test class [com.prime89.book.springboot.web.domain.posts.PostsRepositoryTest]
01:54:37.013 [Test worker] DEBUG org.springframework.test.annotation.ProfileValueUtils - Retrieved ProfileValueSource type [class org.springframework.test.annotation.SystemProfileValueSource] for class [com.prime89.book.springboot.web.domain.posts.PostsRepositoryTest]
01:54:37.019 [Test worker] DEBUG org.springframework.test.context.support.AbstractDirtiesContextTestExecutionListener - Before test class: context [DefaultTestContext@42415f27 testClass = PostsRepositoryTest, testInstance = [null], testMethod = [null], testException = [null], mergedContextConfiguration = [WebMergedContextConfiguration@61a07762 testClass = PostsRepositoryTest, locations = '{}', classes = '{class com.prime89.book.springboot.Application}', contextInitializerClasses = '[]', activeProfiles = '{}', propertySourceLocations = '{}', propertySourceProperties = '{org.springframework.boot.test.context.SpringBootTestContextBootstrapper=true}', contextCustomizers = set[org.springframework.boot.test.autoconfigure.properties.PropertyMappingContextCustomizer@0, org.springframework.boot.test.autoconfigure.web.servlet.WebDriverContextCustomizerFactory$Customizer@7c240b15, org.springframework.boot.test.context.filter.ExcludeFilterContextCustomizer@7546569, org.springframework.boot.test.json.DuplicateJsonObjectContextCustomizerFactory$DuplicateJsonObjectContextCustomizer@40ce6ed6, org.springframework.boot.test.mock.mockito.MockitoContextCustomizer@0, org.springframework.boot.test.web.client.TestRestTemplateContextCustomizer@60cc450], resourceBasePath = 'src/main/webapp', contextLoader = 'org.springframework.boot.test.context.SpringBootContextLoader', parent = [null]], attributes = map['org.springframework.test.context.web.ServletTestExecutionListener.activateListener' -> true]], class annotated with @DirtiesContext [false] with mode [null].
01:54:37.020 [Test worker] DEBUG org.springframework.test.annotation.ProfileValueUtils - Retrieved @ProfileValueSourceConfiguration [null] for test class [com.prime89.book.springboot.web.domain.posts.PostsRepositoryTest]
01:54:37.020 [Test worker] DEBUG org.springframework.test.annotation.ProfileValueUtils - Retrieved ProfileValueSource type [class org.springframework.test.annotation.SystemProfileValueSource] for class [com.prime89.book.springboot.web.domain.posts.PostsRepositoryTest]
01:54:37.048 [Test worker] DEBUG org.springframework.test.context.support.TestPropertySourceUtils - Adding inlined properties to environment: {spring.jmx.enabled=false, org.springframework.boot.test.context.SpringBootTestContextBootstrapper=true, server.port=-1}

  .   ____          _            __ _ _
 /\\ / ___'_ __ _ _(_)_ __  __ _ \ \ \ \
( ( )\___ | '_ | '_| | '_ \/ _` | \ \ \ \
 \\/  ___)| |_)| | | | | || (_| |  ) ) ) )
  '  |____| .__|_| |_|_| |_\__, | / / / /
 =========|_|==============|___/=/_/_/_/
 :: Spring Boot ::        (v2.1.7.RELEASE)

2020-09-11 01:54:37.491  INFO 23304 --- [    Test worker] c.p.b.s.w.d.posts.PostsRepositoryTest    : Starting PostsRepositoryTest on DESKTOP-GS55E40 with PID 23304 (started by oja96 in C:\Users\oja96\springboot-webservice-test)
2020-09-11 01:54:37.493  INFO 23304 --- [    Test worker] c.p.b.s.w.d.posts.PostsRepositoryTest    : No active profile set, falling back to default profiles: default
2020-09-11 01:54:38.596  INFO 23304 --- [    Test worker] .s.d.r.c.RepositoryConfigurationDelegate : Bootstrapping Spring Data repositories in DEFAULT mode.
2020-09-11 01:54:38.733  INFO 23304 --- [    Test worker] .s.d.r.c.RepositoryConfigurationDelegate : Finished Spring Data repository scanning in 109ms. Found 1 repository interfaces.
2020-09-11 01:54:39.288  INFO 23304 --- [    Test worker] trationDelegate$BeanPostProcessorChecker : Bean 'org.springframework.transaction.annotation.ProxyTransactionManagementConfiguration' of type [org.springframework.transaction.annotation.ProxyTransactionManagementConfiguration$$EnhancerBySpringCGLIB$$20c43199] is not eligible for getting processed by all BeanPostProcessors (for example: not eligible for auto-proxying)
2020-09-11 01:54:39.604  INFO 23304 --- [    Test worker] com.zaxxer.hikari.HikariDataSource       : HikariPool-1 - Starting...
2020-09-11 01:54:39.899  INFO 23304 --- [    Test worker] com.zaxxer.hikari.HikariDataSource       : HikariPool-1 - Start completed.
2020-09-11 01:54:40.061  INFO 23304 --- [    Test worker] o.hibernate.jpa.internal.util.LogHelper  : HHH000204: Processing PersistenceUnitInfo [
	name: default
	...]
2020-09-11 01:54:40.203  INFO 23304 --- [    Test worker] org.hibernate.Version                    : HHH000412: Hibernate Core {5.3.10.Final}
2020-09-11 01:54:40.215  INFO 23304 --- [    Test worker] org.hibernate.cfg.Environment            : HHH000206: hibernate.properties not found
2020-09-11 01:54:40.632  INFO 23304 --- [    Test worker] o.hibernate.annotations.common.Version   : HCANN000001: Hibernate Commons Annotations {5.0.4.Final}
2020-09-11 01:54:41.070  INFO 23304 --- [    Test worker] org.hibernate.dialect.Dialect            : HHH000400: Using dialect: org.hibernate.dialect.MySQL5InnoDBDialect
Hibernate: drop table if exists posts
Hibernate: create table posts (id bigint not null auto_increment, author varchar(255), content TEXT not null, title varchar(500) not null, primary key (id)) engine=InnoDB
2020-09-11 01:54:42.160  INFO 23304 --- [    Test worker] o.h.t.schema.internal.SchemaCreatorImpl  : HHH000476: Executing import script 'org.hibernate.tool.schema.internal.exec.ScriptSourceInputNonExistentImpl@60eeb707'
2020-09-11 01:54:42.165  INFO 23304 --- [    Test worker] j.LocalContainerEntityManagerFactoryBean : Initialized JPA EntityManagerFactory for persistence unit 'default'
2020-09-11 01:54:44.244  INFO 23304 --- [    Test worker] o.s.s.concurrent.ThreadPoolTaskExecutor  : Initializing ExecutorService 'applicationTaskExecutor'
2020-09-11 01:54:44.521  WARN 23304 --- [    Test worker] aWebConfiguration$JpaWebMvcConfiguration : spring.jpa.open-in-view is enabled by default. Therefore, database queries may be performed during view rendering. Explicitly configure spring.jpa.open-in-view to disable this warning
2020-09-11 01:54:45.894  INFO 23304 --- [    Test worker] c.p.b.s.w.d.posts.PostsRepositoryTest    : Started PostsRepositoryTest in 8.834 seconds (JVM running for 11.37)
Hibernate: insert into posts (author, content, title) values (?, ?, ?)
2020-09-11 01:54:46.739  INFO 23304 --- [    Test worker] o.h.h.i.QueryTranslatorFactoryInitiator  : HHH000397: Using ASTQueryTranslatorFactory
Hibernate: select posts0_.id as id1_0_, posts0_.author as author2_0_, posts0_.content as content3_0_, posts0_.title as title4_0_ from posts posts0_
Hibernate: select posts0_.id as id1_0_, posts0_.author as author2_0_, posts0_.content as content3_0_, posts0_.title as title4_0_ from posts posts0_
Hibernate: delete from posts where id=?
]]></system-out>
  <system-err><![CDATA[]]></system-err>
</testsuite>
